# JRE version: OpenJDK Runtime Environment (8.0_242-b01) (build 1.8.0_242-release-1644-b01)
# Java VM: OpenJDK 64-Bit Server VM (25.242-b01 mixed mode windows-amd64 compressed oops)
Heap:
 PSYoungGen      total 144384K, used 53511K [0x00000000e0000000, 0x00000000e9900000, 0x0000000100000000)
  eden space 133120K, 31% used [0x00000000e0000000,0x00000000e2948cc8,0x00000000e8200000)
  from space 11264K, 99% used [0x00000000e8e00000,0x00000000e98f9310,0x00000000e9900000)
  to   space 11776K, 0% used [0x00000000e8200000,0x00000000e8200000,0x00000000e8d80000)
 ParOldGen       total 66048K, used 26536K [0x00000000a0000000, 0x00000000a4080000, 0x00000000e0000000)
  object space 66048K, 40% used [0x00000000a0000000,0x00000000a19ea378,0x00000000a4080000)
 Metaspace       used 55177K, capacity 57452K, committed 57768K, reserved 1099776K
  class space    used 7508K, capacity 8001K, committed 8112K, reserved 1048576K
GC Heap History (10 events):
Event: 14.185 GC heap before
{Heap before GC invocations=8 (full 1):
 PSYoungGen      total 144384K, used 133120K [0x00000000e0000000, 0x00000000e9900000, 0x0000000100000000)
  eden space 133120K, 100% used [0x00000000e0000000,0x00000000e8200000,0x00000000e8200000)
  from space 11264K, 0% used [0x00000000e8e00000,0x00000000e8e00000,0x00000000e9900000)
  to   space 11776K, 0% used [0x00000000e8200000,0x00000000e8200000,0x00000000e8d80000)
 ParOldGen       total 50176K, used 6694K [0x00000000a0000000, 0x00000000a3100000, 0x00000000e0000000)
  object space 50176K, 13% used [0x00000000a0000000,0x00000000a0689818,0x00000000a3100000)
 Metaspace       used 33077K, capacity 34116K, committed 34352K, reserved 1079296K
  class space    used 4524K, capacity 4791K, committed 4912K, reserved 1048576K
Event: 14.253 GC heap after
Heap after GC invocations=8 (full 1):
 PSYoungGen      total 144896K, used 11775K [0x00000000e0000000, 0x00000000e9900000, 0x0000000100000000)
  eden space 133120K, 0% used [0x00000000e0000000,0x00000000e0000000,0x00000000e8200000)
  from space 11776K, 99% used [0x00000000e8200000,0x00000000e8d7fff8,0x00000000e8d80000)
  to   space 11264K, 0% used [0x00000000e8e00000,0x00000000e8e00000,0x00000000e9900000)
 ParOldGen       total 50176K, used 9283K [0x00000000a0000000, 0x00000000a3100000, 0x00000000e0000000)
  object space 50176K, 18% used [0x00000000a0000000,0x00000000a0910ea0,0x00000000a3100000)
 Metaspace       used 33077K, capacity 34116K, committed 34352K, reserved 1079296K
  class space    used 4524K, capacity 4791K, committed 4912K, reserved 1048576K
}
Event: 14.955 GC heap before
{Heap before GC invocations=9 (full 1):
 PSYoungGen      total 144896K, used 37427K [0x00000000e0000000, 0x00000000e9900000, 0x0000000100000000)
  eden space 133120K, 19% used [0x00000000e0000000,0x00000000e190cf70,0x00000000e8200000)
  from space 11776K, 99% used [0x00000000e8200000,0x00000000e8d7fff8,0x00000000e8d80000)
  to   space 11264K, 0% used [0x00000000e8e00000,0x00000000e8e00000,0x00000000e9900000)
 ParOldGen       total 50176K, used 9283K [0x00000000a0000000, 0x00000000a3100000, 0x00000000e0000000)
  object space 50176K, 18% used [0x00000000a0000000,0x00000000a0910ea0,0x00000000a3100000)
 Metaspace       used 34274K, capacity 35414K, committed 35496K, reserved 1079296K
  class space    used 4713K, capacity 5002K, committed 5040K, reserved 1048576K
Event: 14.975 GC heap after
Heap after GC invocations=9 (full 1):
 PSYoungGen      total 144384K, used 7872K [0x00000000e0000000, 0x00000000e9900000, 0x0000000100000000)
  eden space 133120K, 0% used [0x00000000e0000000,0x00000000e0000000,0x00000000e8200000)
  from space 11264K, 69% used [0x00000000e8e00000,0x00000000e95b03d8,0x00000000e9900000)
  to   space 11776K, 0% used [0x00000000e8200000,0x00000000e8200000,0x00000000e8d80000)
 ParOldGen       total 50176K, used 9291K [0x00000000a0000000, 0x00000000a3100000, 0x00000000e0000000)
  object space 50176K, 18% used [0x00000000a0000000,0x00000000a0912ea0,0x00000000a3100000)
 Metaspace       used 34274K, capacity 35414K, committed 35496K, reserved 1079296K
  class space    used 4713K, capacity 5002K, committed 5040K, reserved 1048576K
}
Event: 14.975 GC heap before
{Heap before GC invocations=10 (full 2):
 PSYoungGen      total 144384K, used 7872K [0x00000000e0000000, 0x00000000e9900000, 0x0000000100000000)
  eden space 133120K, 0% used [0x00000000e0000000,0x00000000e0000000,0x00000000e8200000)
  from space 11264K, 69% used [0x00000000e8e00000,0x00000000e95b03d8,0x00000000e9900000)
  to   space 11776K, 0% used [0x00000000e8200000,0x00000000e8200000,0x00000000e8d80000)
 ParOldGen       total 50176K, used 9291K [0x00000000a0000000, 0x00000000a3100000, 0x00000000e0000000)
  object space 50176K, 18% used [0x00000000a0000000,0x00000000a0912ea0,0x00000000a3100000)
 Metaspace       used 34274K, capacity 35414K, committed 35496K, reserved 1079296K
  class space    used 4713K, capacity 5002K, committed 5040K, reserved 1048576K
Event: 15.076 GC heap after
Heap after GC invocations=10 (full 2):
 PSYoungGen      total 144384K, used 0K [0x00000000e0000000, 0x00000000e9900000, 0x0000000100000000)
  eden space 133120K, 0% used [0x00000000e0000000,0x00000000e0000000,0x00000000e8200000)
  from space 11264K, 0% used [0x00000000e8e00000,0x00000000e8e00000,0x00000000e9900000)
  to   space 11776K, 0% used [0x00000000e8200000,0x00000000e8200000,0x00000000e8d80000)
 ParOldGen       total 66048K, used 14314K [0x00000000a0000000, 0x00000000a4080000, 0x00000000e0000000)
  object space 66048K, 21% used [0x00000000a0000000,0x00000000a0dfa8a0,0x00000000a4080000)
 Metaspace       used 34274K, capacity 35414K, committed 35496K, reserved 1079296K
  class space    used 4713K, capacity 5002K, committed 5040K, reserved 1048576K
}
Event: 18.363 GC heap before
{Heap before GC invocations=11 (full 2):
 PSYoungGen      total 144384K, used 133120K [0x00000000e0000000, 0x00000000e9900000, 0x0000000100000000)
  eden space 133120K, 100% used [0x00000000e0000000,0x00000000e8200000,0x00000000e8200000)
  from space 11264K, 0% used [0x00000000e8e00000,0x00000000e8e00000,0x00000000e9900000)
  to   space 11776K, 0% used [0x00000000e8200000,0x00000000e8200000,0x00000000e8d80000)
 ParOldGen       total 66048K, used 14314K [0x00000000a0000000, 0x00000000a4080000, 0x00000000e0000000)
  object space 66048K, 21% used [0x00000000a0000000,0x00000000a0dfa8a0,0x00000000a4080000)
 Metaspace       used 39433K, capacity 41208K, committed 41512K, reserved 1085440K
  class space    used 5429K, capacity 5835K, committed 5936K, reserved 1048576K
Event: 18.403 GC heap after
Heap after GC invocations=11 (full 2):
 PSYoungGen      total 144896K, used 11549K [0x00000000e0000000, 0x00000000e9900000, 0x0000000100000000)
  eden space 133120K, 0% used [0x00000000e0000000,0x00000000e0000000,0x00000000e8200000)
  from space 11776K, 98% used [0x00000000e8200000,0x00000000e8d477d8,0x00000000e8d80000)
  to   space 11264K, 0% used [0x00000000e8e00000,0x00000000e8e00000,0x00000000e9900000)
 ParOldGen       total 66048K, used 14322K [0x00000000a0000000, 0x00000000a4080000, 0x00000000e0000000)
  object space 66048K, 21% used [0x00000000a0000000,0x00000000a0dfc8a0,0x00000000a4080000)
 Metaspace       used 39433K, capacity 41208K, committed 41512K, reserved 1085440K
  class space    used 5429K, capacity 5835K, committed 5936K, reserved 1048576K
}
Event: 22.726 GC heap before
{Heap before GC invocations=12 (full 2):
 PSYoungGen      total 144896K, used 144669K [0x00000000e0000000, 0x00000000e9900000, 0x0000000100000000)
  eden space 133120K, 100% used [0x00000000e0000000,0x00000000e8200000,0x00000000e8200000)
  from space 11776K, 98% used [0x00000000e8200000,0x00000000e8d477d8,0x00000000e8d80000)
  to   space 11264K, 0% used [0x00000000e8e00000,0x00000000e8e00000,0x00000000e9900000)
 ParOldGen       total 66048K, used 14322K [0x00000000a0000000, 0x00000000a4080000, 0x00000000e0000000)
  object space 66048K, 21% used [0x00000000a0000000,0x00000000a0dfc8a0,0x00000000a4080000)
 Metaspace       used 50990K, capacity 52974K, committed 53160K, reserved 1095680K
  class space    used 6815K, capacity 7267K, committed 7344K, reserved 1048576K
Event: 22.774 GC heap after
Heap after GC invocations=12 (full 2):
 PSYoungGen      total 144384K, used 11236K [0x00000000e0000000, 0x00000000e9900000, 0x0000000100000000)
  eden space 133120K, 0% used [0x00000000e0000000,0x00000000e0000000,0x00000000e8200000)
  from space 11264K, 99% used [0x00000000e8e00000,0x00000000e98f9310,0x00000000e9900000)
  to   space 11776K, 0% used [0x00000000e8200000,0x00000000e8200000,0x00000000e8d80000)
 ParOldGen       total 66048K, used 26536K [0x00000000a0000000, 0x00000000a4080000, 0x00000000e0000000)
  object space 66048K, 40% used [0x00000000a0000000,0x00000000a19ea378,0x00000000a4080000)
 Metaspace       used 50990K, capacity 52974K, committed 53160K, reserved 1095680K
  class space    used 6815K, capacity 7267K, committed 7344K, reserved 1048576K
}

